# JRE version: Java(TM) SE Runtime Environment (8.0_101-b13) (build 1.8.0_101-b13)
# Java VM: Java HotSpot(TM) 64-Bit Server VM (25.101-b13 mixed mode linux-amd64 compressed oops)
Heap:
 PSYoungGen      total 9728K, used 1016K [0x00000000f5b00000, 0x00000000f6580000, 0x0000000100000000)
  eden space 8704K, 0% used [0x00000000f5b00000,0x00000000f5b00000,0x00000000f6380000)
  from space 1024K, 99% used [0x00000000f6480000,0x00000000f657e2a0,0x00000000f6580000)
  to   space 1024K, 0% used [0x00000000f6380000,0x00000000f6380000,0x00000000f6480000)
 ParOldGen       total 22016K, used 6690K [0x00000000e1000000, 0x00000000e2580000, 0x00000000f5b00000)
  object space 22016K, 30% used [0x00000000e1000000,0x00000000e1688bb0,0x00000000e2580000)
 Metaspace       used 11088K, capacity 11278K, committed 11392K, reserved 1058816K
  class space    used 1292K, capacity 1341K, committed 1408K, reserved 1048576K
GC Heap History (7 events):
Event: 0.727 GC heap before
{Heap before GC invocations=1 (full 0):
 PSYoungGen      total 9728K, used 8704K [0x00000000f5b00000, 0x00000000f6580000, 0x0000000100000000)
  eden space 8704K, 100% used [0x00000000f5b00000,0x00000000f6380000,0x00000000f6380000)
  from space 1024K, 0% used [0x00000000f6480000,0x00000000f6480000,0x00000000f6580000)
  to   space 1024K, 0% used [0x00000000f6380000,0x00000000f6380000,0x00000000f6480000)
 ParOldGen       total 22016K, used 0K [0x00000000e1000000, 0x00000000e2580000, 0x00000000f5b00000)
  object space 22016K, 0% used [0x00000000e1000000,0x00000000e1000000,0x00000000e2580000)
 Metaspace       used 6082K, capacity 6222K, committed 6400K, reserved 1056768K
  class space    used 638K, capacity 701K, committed 768K, reserved 1048576K
Event: 0.734 GC heap after
Heap after GC invocations=1 (full 0):
 PSYoungGen      total 9728K, used 992K [0x00000000f5b00000, 0x00000000f6580000, 0x0000000100000000)
  eden space 8704K, 0% used [0x00000000f5b00000,0x00000000f5b00000,0x00000000f6380000)
  from space 1024K, 96% used [0x00000000f6380000,0x00000000f6478010,0x00000000f6480000)
  to   space 1024K, 0% used [0x00000000f6480000,0x00000000f6480000,0x00000000f6580000)
 ParOldGen       total 22016K, used 1962K [0x00000000e1000000, 0x00000000e2580000, 0x00000000f5b00000)
  object space 22016K, 8% used [0x00000000e1000000,0x00000000e11ea828,0x00000000e2580000)
 Metaspace       used 6082K, capacity 6222K, committed 6400K, reserved 1056768K
  class space    used 638K, capacity 701K, committed 768K, reserved 1048576K
}
Event: 2.804 GC heap before
{Heap before GC invocations=2 (full 0):
 PSYoungGen      total 9728K, used 9696K [0x00000000f5b00000, 0x00000000f6580000, 0x0000000100000000)
  eden space 8704K, 100% used [0x00000000f5b00000,0x00000000f6380000,0x00000000f6380000)
  from space 1024K, 96% used [0x00000000f6380000,0x00000000f6478010,0x00000000f6480000)
  to   space 1024K, 0% used [0x00000000f6480000,0x00000000f6480000,0x00000000f6580000)
 ParOldGen       total 22016K, used 1962K [0x00000000e1000000, 0x00000000e2580000, 0x00000000f5b00000)
  object space 22016K, 8% used [0x00000000e1000000,0x00000000e11ea828,0x00000000e2580000)
 Metaspace       used 8321K, capacity 8494K, committed 8704K, reserved 1056768K
  class space    used 937K, capacity 989K, committed 1024K, reserved 1048576K
Event: 2.814 GC heap after
Heap after GC invocations=2 (full 0):
 PSYoungGen      total 9728K, used 1024K [0x00000000f5b00000, 0x00000000f6580000, 0x0000000100000000)
  eden space 8704K, 0% used [0x00000000f5b00000,0x00000000f5b00000,0x00000000f6380000)
  from space 1024K, 100% used [0x00000000f6480000,0x00000000f6580000,0x00000000f6580000)
  to   space 1024K, 0% used [0x00000000f6380000,0x00000000f6380000,0x00000000f6480000)
 ParOldGen       total 22016K, used 3093K [0x00000000e1000000, 0x00000000e2580000, 0x00000000f5b00000)
  object space 22016K, 14% used [0x00000000e1000000,0x00000000e1305758,0x00000000e2580000)
 Metaspace       used 8321K, capacity 8494K, committed 8704K, reserved 1056768K
  class space    used 937K, capacity 989K, committed 1024K, reserved 1048576K
}
Event: 4.209 GC heap before
{Heap before GC invocations=3 (full 0):
 PSYoungGen      total 9728K, used 9646K [0x00000000f5b00000, 0x00000000f6580000, 0x0000000100000000)
  eden space 8704K, 99% used [0x00000000f5b00000,0x00000000f636b9b0,0x00000000f6380000)
  from space 1024K, 100% used [0x00000000f6480000,0x00000000f6580000,0x00000000f6580000)
  to   space 1024K, 0% used [0x00000000f6380000,0x00000000f6380000,0x00000000f6480000)
 ParOldGen       total 22016K, used 3093K [0x00000000e1000000, 0x00000000e2580000, 0x00000000f5b00000)
  object space 22016K, 14% used [0x00000000e1000000,0x00000000e1305758,0x00000000e2580000)
 Metaspace       used 10153K, capacity 10350K, committed 10496K, reserved 1058816K
  class space    used 1190K, capacity 1245K, committed 1280K, reserved 1048576K
Event: 4.230 GC heap after
Heap after GC invocations=3 (full 0):
 PSYoungGen      total 9728K, used 1024K [0x00000000f5b00000, 0x00000000f6580000, 0x0000000100000000)
  eden space 8704K, 0% used [0x00000000f5b00000,0x00000000f5b00000,0x00000000f6380000)
  from space 1024K, 100% used [0x00000000f6380000,0x00000000f6480000,0x00000000f6480000)
  to   space 1024K, 0% used [0x00000000f6480000,0x00000000f6480000,0x00000000f6580000)
 ParOldGen       total 22016K, used 3641K [0x00000000e1000000, 0x00000000e2580000, 0x00000000f5b00000)
  object space 22016K, 16% used [0x00000000e1000000,0x00000000e138e660,0x00000000e2580000)
 Metaspace       used 10153K, capacity 10350K, committed 10496K, reserved 1058816K
  class space    used 1190K, capacity 1245K, committed 1280K, reserved 1048576K
}
Event: 6.693 GC heap before
{Heap before GC invocations=4 (full 0):
 PSYoungGen      total 9728K, used 9728K [0x00000000f5b00000, 0x00000000f6580000, 0x0000000100000000)
  eden space 8704K, 100% used [0x00000000f5b00000,0x00000000f6380000,0x00000000f6380000)
  from space 1024K, 100% used [0x00000000f6380000,0x00000000f6480000,0x00000000f6480000)
  to   space 1024K, 0% used [0x00000000f6480000,0x00000000f6480000,0x00000000f6580000)
 ParOldGen       total 22016K, used 3641K [0x00000000e1000000, 0x00000000e2580000, 0x00000000f5b00000)
  object space 22016K, 16% used [0x00000000e1000000,0x00000000e138e660,0x00000000e2580000)
 Metaspace       used 11088K, capacity 11278K, committed 11392K, reserved 1058816K
  class space    used 1292K, capacity 1341K, committed 1408K, reserved 1048576K

