# JRE version: Java(TM) SE Runtime Environment (8.0_101-b13) (build 1.8.0_101-b13)
# Java VM: Java HotSpot(TM) 64-Bit Server VM (25.101-b13 mixed mode linux-amd64 compressed oops)
Heap:
 def new generation   total 4928K, used 3181K [0x00000000f0c00000, 0x00000000f1150000, 0x00000000f5d50000)
  eden space 4416K,  60% used [0x00000000f0c00000, 0x00000000f0e9b4b8, 0x00000000f1050000)
  from space 512K, 100% used [0x00000000f1050000, 0x00000000f10d0000, 0x00000000f10d0000)
  to   space 512K,   0% used [0x00000000f10d0000, 0x00000000f10d0000, 0x00000000f1150000)
 tenured generation   total 10944K, used 8173K [0x00000000f5d50000, 0x00000000f6800000, 0x0000000100000000)
   the space 10944K,  74% used [0x00000000f5d50000, 0x00000000f654b658, 0x00000000f654b800, 0x00000000f6800000)
 Metaspace       used 11090K, capacity 11278K, committed 11392K, reserved 1058816K
  class space    used 1297K, capacity 1341K, committed 1408K, reserved 1048576K
GC Heap History (10 events):
Event: 6.091 GC heap before
{Heap before GC invocations=3 (full 0):
 def new generation   total 4928K, used 4928K [0x00000000f0c00000, 0x00000000f1150000, 0x00000000f5d50000)
  eden space 4416K, 100% used [0x00000000f0c00000, 0x00000000f1050000, 0x00000000f1050000)
  from space 512K, 100% used [0x00000000f10d0000, 0x00000000f1150000, 0x00000000f1150000)
  to   space 512K,   0% used [0x00000000f1050000, 0x00000000f1050000, 0x00000000f10d0000)
 tenured generation   total 10944K, used 2926K [0x00000000f5d50000, 0x00000000f6800000, 0x0000000100000000)
   the space 10944K,  26% used [0x00000000f5d50000, 0x00000000f602b8e8, 0x00000000f602ba00, 0x00000000f6800000)
 Metaspace       used 8459K, capacity 8654K, committed 8704K, reserved 1056768K
  class space    used 967K, capacity 1021K, committed 1024K, reserved 1048576K
Event: 6.107 GC heap after
Heap after GC invocations=4 (full 0):
 def new generation   total 4928K, used 507K [0x00000000f0c00000, 0x00000000f1150000, 0x00000000f5d50000)
  eden space 4416K,   0% used [0x00000000f0c00000, 0x00000000f0c00000, 0x00000000f1050000)
  from space 512K,  99% used [0x00000000f1050000, 0x00000000f10cec78, 0x00000000f10d0000)
  to   space 512K,   0% used [0x00000000f10d0000, 0x00000000f10d0000, 0x00000000f1150000)
 tenured generation   total 10944K, used 3274K [0x00000000f5d50000, 0x00000000f6800000, 0x0000000100000000)
   the space 10944K,  29% used [0x00000000f5d50000, 0x00000000f6082ac0, 0x00000000f6082c00, 0x00000000f6800000)
 Metaspace       used 8459K, capacity 8654K, committed 8704K, reserved 1056768K
  class space    used 967K, capacity 1021K, committed 1024K, reserved 1048576K
}
Event: 6.625 GC heap before
{Heap before GC invocations=4 (full 0):
 def new generation   total 4928K, used 4923K [0x00000000f0c00000, 0x00000000f1150000, 0x00000000f5d50000)
  eden space 4416K, 100% used [0x00000000f0c00000, 0x00000000f1050000, 0x00000000f1050000)
  from space 512K,  99% used [0x00000000f1050000, 0x00000000f10cec78, 0x00000000f10d0000)
  to   space 512K,   0% used [0x00000000f10d0000, 0x00000000f10d0000, 0x00000000f1150000)
 tenured generation   total 10944K, used 3274K [0x00000000f5d50000, 0x00000000f6800000, 0x0000000100000000)
   the space 10944K,  29% used [0x00000000f5d50000, 0x00000000f6082ac0, 0x00000000f6082c00, 0x00000000f6800000)
 Metaspace       used 9377K, capacity 9550K, committed 9600K, reserved 1058816K
  class space    used 1105K, capacity 1149K, committed 1152K, reserved 1048576K
Event: 6.651 GC heap after
Heap after GC invocations=5 (full 0):
 def new generation   total 4928K, used 141K [0x00000000f0c00000, 0x00000000f1150000, 0x00000000f5d50000)
  eden space 4416K,   0% used [0x00000000f0c00000, 0x00000000f0c00000, 0x00000000f1050000)
  from space 512K,  27% used [0x00000000f10d0000, 0x00000000f10f3438, 0x00000000f1150000)
  to   space 512K,   0% used [0x00000000f1050000, 0x00000000f1050000, 0x00000000f10d0000)
 tenured generation   total 10944K, used 3761K [0x00000000f5d50000, 0x00000000f6800000, 0x0000000100000000)
   the space 10944K,  34% used [0x00000000f5d50000, 0x00000000f60fc520, 0x00000000f60fc600, 0x00000000f6800000)
 Metaspace       used 9377K, capacity 9550K, committed 9600K, reserved 1058816K
  class space    used 1105K, capacity 1149K, committed 1152K, reserved 1048576K
}
Event: 8.071 GC heap before
{Heap before GC invocations=5 (full 0):
 def new generation   total 4928K, used 4557K [0x00000000f0c00000, 0x00000000f1150000, 0x00000000f5d50000)
  eden space 4416K, 100% used [0x00000000f0c00000, 0x00000000f1050000, 0x00000000f1050000)
  from space 512K,  27% used [0x00000000f10d0000, 0x00000000f10f3438, 0x00000000f1150000)
  to   space 512K,   0% used [0x00000000f1050000, 0x00000000f1050000, 0x00000000f10d0000)
 tenured generation   total 10944K, used 3761K [0x00000000f5d50000, 0x00000000f6800000, 0x0000000100000000)
   the space 10944K,  34% used [0x00000000f5d50000, 0x00000000f60fc520, 0x00000000f60fc600, 0x00000000f6800000)
 Metaspace       used 10565K, capacity 10798K, committed 11136K, reserved 1058816K
  class space    used 1248K, capacity 1309K, committed 1408K, reserved 1048576K
Event: 8.097 GC heap after
Heap after GC invocations=6 (full 0):
 def new generation   total 4928K, used 486K [0x00000000f0c00000, 0x00000000f1150000, 0x00000000f5d50000)
  eden space 4416K,   0% used [0x00000000f0c00000, 0x00000000f0c00000, 0x00000000f1050000)
  from space 512K,  95% used [0x00000000f1050000, 0x00000000f10c99a8, 0x00000000f10d0000)
  to   space 512K,   0% used [0x00000000f10d0000, 0x00000000f10d0000, 0x00000000f1150000)
 tenured generation   total 10944K, used 3761K [0x00000000f5d50000, 0x00000000f6800000, 0x0000000100000000)
   the space 10944K,  34% used [0x00000000f5d50000, 0x00000000f60fc520, 0x00000000f60fc600, 0x00000000f6800000)
 Metaspace       used 10565K, capacity 10798K, committed 11136K, reserved 1058816K
  class space    used 1248K, capacity 1309K, committed 1408K, reserved 1048576K
}
Event: 9.175 GC heap before
{Heap before GC invocations=6 (full 0):
 def new generation   total 4928K, used 4902K [0x00000000f0c00000, 0x00000000f1150000, 0x00000000f5d50000)
  eden space 4416K, 100% used [0x00000000f0c00000, 0x00000000f1050000, 0x00000000f1050000)
  from space 512K,  95% used [0x00000000f1050000, 0x00000000f10c99a8, 0x00000000f10d0000)
  to   space 512K,   0% used [0x00000000f10d0000, 0x00000000f10d0000, 0x00000000f1150000)
 tenured generation   total 10944K, used 3761K [0x00000000f5d50000, 0x00000000f6800000, 0x0000000100000000)
   the space 10944K,  34% used [0x00000000f5d50000, 0x00000000f60fc520, 0x00000000f60fc600, 0x00000000f6800000)
 Metaspace       used 10944K, capacity 11118K, committed 11392K, reserved 1058816K
  class space    used 1281K, capacity 1309K, committed 1408K, reserved 1048576K
Event: 9.216 GC heap after
Heap after GC invocations=7 (full 0):
 def new generation   total 4928K, used 512K [0x00000000f0c00000, 0x00000000f1150000, 0x00000000f5d50000)
  eden space 4416K,   0% used [0x00000000f0c00000, 0x00000000f0c00000, 0x00000000f1050000)
  from space 512K, 100% used [0x00000000f10d0000, 0x00000000f1150000, 0x00000000f1150000)
  to   space 512K,   0% used [0x00000000f1050000, 0x00000000f1050000, 0x00000000f10d0000)
 tenured generation   total 10944K, used 6690K [0x00000000f5d50000, 0x00000000f6800000, 0x0000000100000000)
   the space 10944K,  61% used [0x00000000f5d50000, 0x00000000f63d88f8, 0x00000000f63d8a00, 0x00000000f6800000)
 Metaspace       used 10944K, capacity 11118K, committed 11392K, reserved 1058816K
  class space    used 1281K, capacity 1309K, committed 1408K, reserved 1048576K
}
Event: 12.020 GC heap before
{Heap before GC invocations=7 (full 0):
 def new generation   total 4928K, used 4928K [0x00000000f0c00000, 0x00000000f1150000, 0x00000000f5d50000)
  eden space 4416K, 100% used [0x00000000f0c00000, 0x00000000f1050000, 0x00000000f1050000)
  from space 512K, 100% used [0x00000000f10d0000, 0x00000000f1150000, 0x00000000f1150000)
  to   space 512K,   0% used [0x00000000f1050000, 0x00000000f1050000, 0x00000000f10d0000)
 tenured generation   total 10944K, used 6690K [0x00000000f5d50000, 0x00000000f6800000, 0x0000000100000000)
   the space 10944K,  61% used [0x00000000f5d50000, 0x00000000f63d88f8, 0x00000000f63d8a00, 0x00000000f6800000)
 Metaspace       used 11019K, capacity 11182K, committed 11392K, reserved 1058816K
  class space    used 1287K, capacity 1309K, committed 1408K, reserved 1048576K
Event: 12.129 GC heap after
Heap after GC invocations=8 (full 0):
 def new generation   total 4928K, used 512K [0x00000000f0c00000, 0x00000000f1150000, 0x00000000f5d50000)
  eden space 4416K,   0% used [0x00000000f0c00000, 0x00000000f0c00000, 0x00000000f1050000)
  from space 512K, 100% used [0x00000000f1050000, 0x00000000f10d0000, 0x00000000f10d0000)
  to   space 512K,   0% used [0x00000000f10d0000, 0x00000000f10d0000, 0x00000000f1150000)
 tenured generation   total 10944K, used 8173K [0x00000000f5d50000, 0x00000000f6800000, 0x0000000100000000)
   the space 10944K,  74% used [0x00000000f5d50000, 0x00000000f654b658, 0x00000000f654b800, 0x00000000f6800000)
 Metaspace       used 11019K, capacity 11182K, committed 11392K, reserved 1058816K
  class space    used 1287K, capacity 1309K, committed 1408K, reserved 1048576K
}

